  ChupinPants.cpp
  Clothes.cpp
  ClothesFactory.cpp
  CommmonNeck.cpp
  CommonPants.cpp
  LongSleeve.cpp
  Main.cpp
C:\Users\meagu\source\repos\DesafioFinalQuarkC++\DesafioFinalQuarkC++\Main.cpp(5,10): warning C4101: 'menu': variable local sin referencia
  MaoNeck.cpp
  Neck.cpp
  NeckFactory.cpp
  Pants.cpp
  PantsFactory.cpp
  PremiumQuality.cpp
  Presenter.cpp
  Quality.cpp
  QualityFactory.cpp
  Quote.cpp
  SalesChannel.cpp
  Seller.cpp
  Shirt.cpp
  Generando código...
  Compilando...
  ShortSleeve.cpp
  Sleeve.cpp
  SleeveFactory.cpp
  StandardQuality.cpp
  View.cpp
  Generando código...
  DesafioFinalQuarkC++.vcxproj -> C:\Users\meagu\source\repos\DesafioFinalQuarkC++\Debug\DesafioFinalQuarkC++.exe
